2021/01/22 10:13:21 [emerg] 1#1: host not found in upstream "php" in /etc/nginx/conf.d/default.conf:15
2021/01/22 11:10:48 [emerg] 1#1: host not found in upstream "php" in /etc/nginx/conf.d/default.conf:15
2021/01/22 11:36:40 [emerg] 1#1: host not found in upstream "php" in /etc/nginx/conf.d/default.conf:15
2021/01/22 11:38:54 [emerg] 1#1: host not found in upstream "php" in /etc/nginx/conf.d/default.conf:15
2021/01/22 11:57:09 [emerg] 1#1: host not found in upstream "php" in /etc/nginx/conf.d/default.conf:15
2022/03/23 13:43:19 [notice] 1#1: using the "epoll" event method
2022/03/23 13:43:19 [notice] 1#1: nginx/1.21.6
2022/03/23 13:43:19 [notice] 1#1: built by gcc 10.2.1 20210110 (Debian 10.2.1-6) 
2022/03/23 13:43:19 [notice] 1#1: OS: Linux 5.4.0-105-generic
2022/03/23 13:43:19 [notice] 1#1: getrlimit(RLIMIT_NOFILE): 1024:524288
2022/03/23 13:43:19 [notice] 1#1: start worker processes
2022/03/23 13:43:19 [notice] 1#1: start worker process 30
2022/03/23 13:43:19 [notice] 1#1: start worker process 31
2022/03/23 13:43:19 [notice] 1#1: start worker process 32
2022/03/23 13:43:19 [notice] 1#1: start worker process 33
2022/03/23 14:47:03 [notice] 1#1: signal 3 (SIGQUIT) received, shutting down
2022/03/23 14:47:03 [notice] 30#30: gracefully shutting down
2022/03/23 14:47:03 [notice] 31#31: gracefully shutting down
2022/03/23 14:47:03 [notice] 31#31: exiting
2022/03/23 14:47:03 [notice] 31#31: exit
2022/03/23 14:47:03 [notice] 30#30: exiting
2022/03/23 14:47:03 [notice] 30#30: exit
2022/03/23 14:47:03 [notice] 32#32: gracefully shutting down
2022/03/23 14:47:03 [notice] 32#32: exiting
2022/03/23 14:47:03 [notice] 33#33: gracefully shutting down
2022/03/23 14:47:03 [notice] 32#32: exit
2022/03/23 14:47:03 [notice] 33#33: exiting
2022/03/23 14:47:03 [notice] 33#33: exit
2022/03/23 14:47:03 [notice] 1#1: signal 17 (SIGCHLD) received from 31
2022/03/23 14:47:03 [notice] 1#1: worker process 30 exited with code 0
2022/03/23 14:47:03 [notice] 1#1: worker process 31 exited with code 0
2022/03/23 14:47:03 [notice] 1#1: worker process 32 exited with code 0
2022/03/23 14:47:03 [notice] 1#1: signal 29 (SIGIO) received
2022/03/23 14:47:03 [notice] 1#1: signal 17 (SIGCHLD) received from 30
2022/03/23 14:47:03 [notice] 1#1: signal 17 (SIGCHLD) received from 33
2022/03/23 14:47:03 [notice] 1#1: worker process 33 exited with code 0
2022/03/23 14:47:03 [notice] 1#1: exit
2022/03/23 14:57:22 [notice] 1#1: using the "epoll" event method
2022/03/23 14:57:22 [notice] 1#1: nginx/1.21.6
2022/03/23 14:57:22 [notice] 1#1: built by gcc 10.2.1 20210110 (Debian 10.2.1-6) 
2022/03/23 14:57:22 [notice] 1#1: OS: Linux 5.4.0-105-generic
2022/03/23 14:57:22 [notice] 1#1: getrlimit(RLIMIT_NOFILE): 1024:524288
2022/03/23 14:57:22 [notice] 1#1: start worker processes
2022/03/23 14:57:22 [notice] 1#1: start worker process 30
2022/03/23 14:57:22 [notice] 1#1: start worker process 31
2022/03/23 14:57:22 [notice] 1#1: start worker process 32
2022/03/23 14:57:22 [notice] 1#1: start worker process 33
2022/03/23 20:07:34 [notice] 32#32: signal 15 (SIGTERM) received, exiting
2022/03/23 20:07:34 [notice] 31#31: signal 15 (SIGTERM) received, exiting
2022/03/23 20:07:34 [notice] 31#31: exiting
2022/03/23 20:07:34 [notice] 30#30: signal 15 (SIGTERM) received, exiting
2022/03/23 20:07:34 [notice] 33#33: signal 15 (SIGTERM) received, exiting
2022/03/23 20:07:34 [notice] 30#30: exiting
2022/03/23 20:07:34 [notice] 32#32: exiting
2022/03/23 20:07:34 [notice] 33#33: exiting
2022/03/23 20:07:34 [notice] 1#1: signal 15 (SIGTERM) received, exiting
2022/03/23 20:07:34 [notice] 30#30: exit
2022/03/23 20:07:34 [notice] 31#31: exit
2022/03/23 20:07:34 [notice] 32#32: exit
2022/03/23 20:07:34 [notice] 33#33: exit
2022/03/23 20:07:34 [notice] 1#1: signal 14 (SIGALRM) received
2022/03/23 20:07:34 [notice] 1#1: signal 17 (SIGCHLD) received from 31
2022/03/23 20:07:34 [notice] 1#1: worker process 30 exited with code 0
2022/03/23 20:07:34 [notice] 1#1: worker process 31 exited with code 0
2022/03/23 20:07:34 [notice] 1#1: worker process 32 exited with code 0
2022/03/23 20:07:34 [notice] 1#1: worker process 33 exited with code 0
2022/03/23 20:07:34 [notice] 1#1: exit
2022/03/24 07:03:39 [notice] 1#1: using the "epoll" event method
2022/03/24 07:03:39 [notice] 1#1: nginx/1.21.6
2022/03/24 07:03:39 [notice] 1#1: built by gcc 10.2.1 20210110 (Debian 10.2.1-6) 
2022/03/24 07:03:39 [notice] 1#1: OS: Linux 5.4.0-105-generic
2022/03/24 07:03:39 [notice] 1#1: getrlimit(RLIMIT_NOFILE): 1024:524288
2022/03/24 07:03:39 [notice] 1#1: start worker processes
2022/03/24 07:03:39 [notice] 1#1: start worker process 30
2022/03/24 07:03:39 [notice] 1#1: start worker process 31
2022/03/24 07:03:39 [notice] 1#1: start worker process 32
2022/03/24 07:03:39 [notice] 1#1: start worker process 33
2022/03/24 14:41:23 [notice] 1#1: signal 3 (SIGQUIT) received, shutting down
2022/03/24 14:41:23 [notice] 32#32: gracefully shutting down
2022/03/24 14:41:23 [notice] 32#32: exiting
2022/03/24 14:41:23 [notice] 32#32: exit
2022/03/24 14:41:23 [notice] 31#31: gracefully shutting down
2022/03/24 14:41:23 [notice] 31#31: exiting
2022/03/24 14:41:23 [notice] 31#31: exit
2022/03/24 14:41:23 [notice] 33#33: gracefully shutting down
2022/03/24 14:41:23 [notice] 33#33: exiting
2022/03/24 14:41:23 [notice] 33#33: exit
2022/03/24 14:41:23 [notice] 30#30: gracefully shutting down
2022/03/24 14:41:23 [notice] 30#30: exiting
2022/03/24 14:41:23 [notice] 30#30: exit
2022/03/24 14:41:23 [notice] 1#1: signal 17 (SIGCHLD) received from 31
2022/03/24 14:41:23 [notice] 1#1: worker process 31 exited with code 0
2022/03/24 14:41:23 [notice] 1#1: signal 29 (SIGIO) received
2022/03/24 14:41:23 [notice] 1#1: signal 17 (SIGCHLD) received from 30
2022/03/24 14:41:23 [notice] 1#1: worker process 30 exited with code 0
2022/03/24 14:41:23 [notice] 1#1: signal 29 (SIGIO) received
2022/03/24 14:41:23 [notice] 1#1: signal 17 (SIGCHLD) received from 32
2022/03/24 14:41:23 [notice] 1#1: worker process 32 exited with code 0
2022/03/24 14:41:23 [notice] 1#1: worker process 33 exited with code 0
2022/03/24 14:41:23 [notice] 1#1: exit
2022/03/27 10:26:45 [notice] 1#1: using the "epoll" event method
2022/03/27 10:26:45 [notice] 1#1: nginx/1.21.6
2022/03/27 10:26:45 [notice] 1#1: built by gcc 10.2.1 20210110 (Debian 10.2.1-6) 
2022/03/27 10:26:45 [notice] 1#1: OS: Linux 5.4.0-105-generic
2022/03/27 10:26:45 [notice] 1#1: getrlimit(RLIMIT_NOFILE): 1024:524288
2022/03/27 10:26:45 [notice] 1#1: start worker processes
2022/03/27 10:26:45 [notice] 1#1: start worker process 30
2022/03/27 10:26:45 [notice] 1#1: start worker process 31
2022/03/27 10:26:45 [notice] 1#1: start worker process 32
2022/03/27 10:26:45 [notice] 1#1: start worker process 33
2022/03/27 11:50:26 [notice] 1#1: signal 15 (SIGTERM) received, exiting
2022/03/27 11:50:26 [notice] 33#33: signal 15 (SIGTERM) received, exiting
2022/03/27 11:50:26 [notice] 31#31: signal 15 (SIGTERM) received, exiting
2022/03/27 11:50:26 [notice] 32#32: signal 15 (SIGTERM) received, exiting
2022/03/27 11:50:26 [notice] 31#31: exiting
2022/03/27 11:50:26 [notice] 32#32: exiting
2022/03/27 11:50:26 [notice] 31#31: exit
2022/03/27 11:50:26 [notice] 32#32: exit
2022/03/27 11:50:26 [notice] 30#30: signal 15 (SIGTERM) received, exiting
2022/03/27 11:50:26 [notice] 30#30: exiting
2022/03/27 11:50:26 [notice] 33#33: exiting
2022/03/27 11:50:26 [notice] 30#30: exit
2022/03/27 11:50:26 [notice] 33#33: exit
2022/03/27 11:50:26 [notice] 1#1: signal 14 (SIGALRM) received
2022/03/27 11:50:26 [notice] 1#1: signal 17 (SIGCHLD) received from 32
2022/03/27 11:50:26 [notice] 1#1: worker process 30 exited with code 0
2022/03/27 11:50:26 [notice] 1#1: worker process 31 exited with code 0
2022/03/27 11:50:26 [notice] 1#1: worker process 32 exited with code 0
2022/03/27 11:50:26 [notice] 1#1: worker process 33 exited with code 0
2022/03/27 11:50:26 [notice] 1#1: exit
2022/03/27 15:39:31 [notice] 1#1: using the "epoll" event method
2022/03/27 15:39:31 [notice] 1#1: nginx/1.21.6
2022/03/27 15:39:31 [notice] 1#1: built by gcc 10.2.1 20210110 (Debian 10.2.1-6) 
2022/03/27 15:39:31 [notice] 1#1: OS: Linux 5.4.0-105-generic
2022/03/27 15:39:31 [notice] 1#1: getrlimit(RLIMIT_NOFILE): 1024:524288
2022/03/27 15:39:31 [notice] 1#1: start worker processes
2022/03/27 15:39:31 [notice] 1#1: start worker process 30
2022/03/27 15:39:31 [notice] 1#1: start worker process 31
2022/03/27 15:39:31 [notice] 1#1: start worker process 32
2022/03/27 15:39:31 [notice] 1#1: start worker process 33
2022/03/27 17:50:08 [notice] 1#1: signal 3 (SIGQUIT) received, shutting down
2022/03/27 17:50:08 [notice] 33#33: gracefully shutting down
2022/03/27 17:50:08 [notice] 30#30: gracefully shutting down
2022/03/27 17:50:08 [notice] 31#31: gracefully shutting down
2022/03/27 17:50:08 [notice] 33#33: exiting
2022/03/27 17:50:08 [notice] 31#31: exiting
2022/03/27 17:50:08 [notice] 30#30: exiting
2022/03/27 17:50:08 [notice] 33#33: exit
2022/03/27 17:50:08 [notice] 31#31: exit
2022/03/27 17:50:08 [notice] 30#30: exit
2022/03/27 17:50:08 [notice] 32#32: gracefully shutting down
2022/03/27 17:50:08 [notice] 32#32: exiting
2022/03/27 17:50:08 [notice] 32#32: exit
2022/03/27 17:50:08 [notice] 1#1: signal 17 (SIGCHLD) received from 31
2022/03/27 17:50:08 [notice] 1#1: worker process 30 exited with code 0
2022/03/27 17:50:08 [notice] 1#1: worker process 31 exited with code 0
2022/03/27 17:50:08 [notice] 1#1: worker process 32 exited with code 0
2022/03/27 17:50:08 [notice] 1#1: signal 29 (SIGIO) received
2022/03/27 17:50:08 [notice] 1#1: signal 17 (SIGCHLD) received from 33
2022/03/27 17:50:08 [notice] 1#1: worker process 33 exited with code 0
2022/03/27 17:50:08 [notice] 1#1: exit
2022/03/27 17:51:04 [notice] 1#1: using the "epoll" event method
2022/03/27 17:51:04 [notice] 1#1: nginx/1.21.6
2022/03/27 17:51:04 [notice] 1#1: built by gcc 10.2.1 20210110 (Debian 10.2.1-6) 
2022/03/27 17:51:04 [notice] 1#1: OS: Linux 5.4.0-105-generic
2022/03/27 17:51:04 [notice] 1#1: getrlimit(RLIMIT_NOFILE): 1024:524288
2022/03/27 17:51:04 [notice] 1#1: start worker processes
2022/03/27 17:51:04 [notice] 1#1: start worker process 32
2022/03/27 17:51:04 [notice] 1#1: start worker process 33
2022/03/27 17:51:04 [notice] 1#1: start worker process 34
2022/03/27 17:51:04 [notice] 1#1: start worker process 35
2022/03/27 17:51:34 [notice] 1#1: signal 3 (SIGQUIT) received, shutting down
2022/03/27 17:51:34 [notice] 32#32: gracefully shutting down
2022/03/27 17:51:34 [notice] 34#34: gracefully shutting down
2022/03/27 17:51:34 [notice] 34#34: exiting
2022/03/27 17:51:34 [notice] 32#32: exiting
2022/03/27 17:51:34 [notice] 34#34: exit
2022/03/27 17:51:34 [notice] 32#32: exit
2022/03/27 17:51:34 [notice] 33#33: gracefully shutting down
2022/03/27 17:51:34 [notice] 35#35: gracefully shutting down
2022/03/27 17:51:34 [notice] 33#33: exiting
2022/03/27 17:51:34 [notice] 35#35: exiting
2022/03/27 17:51:34 [notice] 33#33: exit
2022/03/27 17:51:34 [notice] 35#35: exit
2022/03/27 17:51:34 [notice] 1#1: signal 17 (SIGCHLD) received from 33
2022/03/27 17:51:34 [notice] 1#1: worker process 32 exited with code 0
2022/03/27 17:51:34 [notice] 1#1: worker process 33 exited with code 0
2022/03/27 17:51:34 [notice] 1#1: signal 29 (SIGIO) received
2022/03/27 17:51:34 [notice] 1#1: signal 17 (SIGCHLD) received from 32
2022/03/27 17:51:34 [notice] 1#1: signal 17 (SIGCHLD) received from 35
2022/03/27 17:51:34 [notice] 1#1: worker process 35 exited with code 0
2022/03/27 17:51:34 [notice] 1#1: signal 29 (SIGIO) received
2022/03/27 17:51:34 [notice] 1#1: signal 17 (SIGCHLD) received from 34
2022/03/27 17:51:34 [notice] 1#1: worker process 34 exited with code 0
2022/03/27 17:51:34 [notice] 1#1: exit
2022/03/27 17:52:59 [notice] 1#1: using the "epoll" event method
2022/03/27 17:52:59 [notice] 1#1: nginx/1.21.6
2022/03/27 17:52:59 [notice] 1#1: built by gcc 10.2.1 20210110 (Debian 10.2.1-6) 
2022/03/27 17:52:59 [notice] 1#1: OS: Linux 5.4.0-105-generic
2022/03/27 17:52:59 [notice] 1#1: getrlimit(RLIMIT_NOFILE): 1024:524288
2022/03/27 17:52:59 [notice] 1#1: start worker processes
2022/03/27 17:52:59 [notice] 1#1: start worker process 33
2022/03/27 17:52:59 [notice] 1#1: start worker process 34
2022/03/27 17:52:59 [notice] 1#1: start worker process 35
2022/03/27 17:52:59 [notice] 1#1: start worker process 36
